  Compiling CUDA source file kernel.cu...
  
  C:\Users\macie\documents\visual studio 2015\Projects\PROJEKT DES\PROJEKT DES V2>"C:\Program Files\NVIDIA GPU Computing Toolkit\CUDA\v9.1\bin\nvcc.exe" -gencode=arch=compute_30,code=\"sm_30,compute_30\" --use-local-env --cl-version 2015 -ccbin "C:\Program Files (x86)\Microsoft Visual Studio 14.0\VC\bin\x86_amd64" -x cu  -I"C:\Program Files\NVIDIA GPU Computing Toolkit\CUDA\v9.1\include" -I"C:\Program Files\NVIDIA GPU Computing Toolkit\CUDA\v9.1\include"  -G   --keep-dir x64\Debug -maxrregcount=0  --machine 64 --compile -cudart static  -g   -DWIN32 -DWIN64 -D_DEBUG -D_CONSOLE -D_MBCS -Xcompiler "/EHsc /W3 /nologo /Od /FS /Zi /RTC1 /MDd " -o x64\Debug\kernel.cu.obj "C:\Users\macie\documents\visual studio 2015\Projects\PROJEKT DES\PROJEKT DES V2\kernel.cu" 
C:/Users/macie/documents/visual studio 2015/Projects/PROJEKT DES/PROJEKT DES V2/kernel.cu(767): warning : specifiers after comma between declarations are nonstandard
C:/Users/macie/documents/visual studio 2015/Projects/PROJEKT DES/PROJEKT DES V2/kernel.cu(748): warning : variable "a1" was set but never used
C:/Users/macie/documents/visual studio 2015/Projects/PROJEKT DES/PROJEKT DES V2/kernel.cu(869): warning : reference is to variable "j"
C:/Users/macie/documents/visual studio 2015/Projects/PROJEKT DES/PROJEKT DES V2/kernel.cu(869): warning : reference is to variable "j"
C:/Users/macie/documents/visual studio 2015/Projects/PROJEKT DES/PROJEKT DES V2/kernel.cu(826): warning : variable "mc" was declared but never referenced
C:/Users/macie/documents/visual studio 2015/Projects/PROJEKT DES/PROJEKT DES V2/kernel.cu(836): warning : variable "blocks" was declared but never referenced
C:/Users/macie/documents/visual studio 2015/Projects/PROJEKT DES/PROJEKT DES V2/kernel.cu(837): warning : variable "threads" was declared but never referenced
C:/Users/macie/documents/visual studio 2015/Projects/PROJEKT DES/PROJEKT DES V2/kernel.cu(842): warning : variable "roz" was declared but never referenced
C:/Users/macie/documents/visual studio 2015/Projects/PROJEKT DES/PROJEKT DES V2/kernel.cu(767): warning : specifiers after comma between declarations are nonstandard
C:/Users/macie/documents/visual studio 2015/Projects/PROJEKT DES/PROJEKT DES V2/kernel.cu(748): warning : variable "a1" was set but never used
C:/Users/macie/documents/visual studio 2015/Projects/PROJEKT DES/PROJEKT DES V2/kernel.cu(869): warning : reference is to variable "j"
C:/Users/macie/documents/visual studio 2015/Projects/PROJEKT DES/PROJEKT DES V2/kernel.cu(869): warning : reference is to variable "j"
C:/Users/macie/documents/visual studio 2015/Projects/PROJEKT DES/PROJEKT DES V2/kernel.cu(826): warning : variable "mc" was declared but never referenced
C:/Users/macie/documents/visual studio 2015/Projects/PROJEKT DES/PROJEKT DES V2/kernel.cu(836): warning : variable "blocks" was declared but never referenced
C:/Users/macie/documents/visual studio 2015/Projects/PROJEKT DES/PROJEKT DES V2/kernel.cu(837): warning : variable "threads" was declared but never referenced
C:/Users/macie/documents/visual studio 2015/Projects/PROJEKT DES/PROJEKT DES V2/kernel.cu(842): warning : variable "roz" was declared but never referenced
  kernel.cu
C:/Users/macie/documents/visual studio 2015/Projects/PROJEKT DES/PROJEKT DES V2/kernel.cu(58): warning C4244: '=': conversion from 'double' to 'int', possible loss of data
  PROJEKT DES V2.vcxproj -> C:\Users\macie\documents\visual studio 2015\Projects\PROJEKT DES\x64\Debug\PROJEKT DES V2.exe
  copy "C:\Program Files\NVIDIA GPU Computing Toolkit\CUDA\v9.1\bin\cudart*.dll" "C:\Users\macie\documents\visual studio 2015\Projects\PROJEKT DES\x64\Debug\"
  C:\Program Files\NVIDIA GPU Computing Toolkit\CUDA\v9.1\bin\cudart32_91.dll
  C:\Program Files\NVIDIA GPU Computing Toolkit\CUDA\v9.1\bin\cudart64_91.dll
          2 file(s) copied.
